{"fileName":"/Users/ljeff/git_repo/sandbox/node/redirector-aio/backend/lib/redirects.json","nodeEnv":"dev.local","service":"redirector","level":"info","message":"get redirects from file","timestamp":"2016-12-29T09:17:26.965Z"}
{"fileName":"/Users/ljeff/git_repo/sandbox/node/redirector-aio/backend/lib/redirects.json","nodeEnv":"dev.local","service":"redirector","level":"info","message":"get redirects from file","timestamp":"2016-12-29T09:25:57.739Z"}
{"fileName":"/Users/ljeff/git_repo/sandbox/node/redirector-aio/backend/lib/redirects.json","id":9,"ruleName":"task3 ","nodeEnv":"dev.local","service":"redirector","level":"info","message":"Successfully updated redirect","timestamp":"2016-12-29T09:26:31.333Z"}
{"fileName":"/Users/ljeff/git_repo/sandbox/node/redirector-aio/backend/lib/redirects.json","id":9,"ruleName":"task3 ","nodeEnv":"dev.local","service":"redirector","level":"info","message":"Successfully updated redirect","timestamp":"2016-12-29T09:27:14.755Z"}
{"fileName":"/Users/ljeff/git_repo/sandbox/node/redirector-aio/backend/lib/redirects.json","id":9,"ruleName":"task3 ","nodeEnv":"dev.local","service":"redirector","level":"info","message":"Successfully updated redirect","timestamp":"2016-12-29T09:27:15.032Z"}
{"fileName":"/Users/ljeff/git_repo/sandbox/node/redirector-aio/backend/lib/redirects.json","id":9,"ruleName":"task3 ","nodeEnv":"dev.local","service":"redirector","level":"info","message":"Successfully updated redirect","timestamp":"2016-12-29T09:27:16.765Z"}
{"fileName":"/Users/ljeff/git_repo/sandbox/node/redirector-aio/backend/lib/redirects.json","id":10,"ruleName":"task two $$$","nodeEnv":"dev.local","service":"redirector","level":"info","message":"Successfully updated redirect","timestamp":"2016-12-29T09:27:44.876Z"}
{"fileName":"/Users/ljeff/git_repo/sandbox/node/redirector-aio/backend/lib/redirects.json","id":10,"ruleName":"task two $$$","nodeEnv":"dev.local","service":"redirector","level":"info","message":"Successfully updated redirect","timestamp":"2016-12-29T09:27:44.877Z"}
{"fileName":"/Users/ljeff/git_repo/sandbox/node/redirector-aio/backend/lib/redirects.json","nodeEnv":"dev.local","service":"redirector","level":"info","message":"get redirects from file","timestamp":"2016-12-29T09:29:37.070Z"}
{"fileName":"/Users/ljeff/git_repo/sandbox/node/redirector-aio/backend/lib/redirects.json","id":10,"ruleName":"task two $$$","nodeEnv":"dev.local","service":"redirector","level":"info","message":"Successfully updated redirect","timestamp":"2016-12-29T09:29:45.514Z"}
{"fileName":"/Users/ljeff/git_repo/sandbox/node/redirector-aio/backend/lib/redirects.json","id":9,"ruleName":"task3 ","nodeEnv":"dev.local","service":"redirector","level":"info","message":"Successfully updated redirect","timestamp":"2016-12-29T09:30:03.547Z"}
{"fileName":"/Users/ljeff/git_repo/sandbox/node/redirector-aio/backend/lib/redirects.json","id":11,"ruleName":"task one","nodeEnv":"dev.local","service":"redirector","level":"info","message":"Successfully deleted redirect","timestamp":"2016-12-29T09:30:36.523Z"}
{"fileName":"/Users/ljeff/git_repo/sandbox/node/redirector-aio/backend/lib/redirects.json","id":9,"ruleName":"task3 ","nodeEnv":"dev.local","service":"redirector","level":"info","message":"Successfully updated redirect","timestamp":"2016-12-29T09:30:40.059Z"}
{"fileName":"/Users/ljeff/git_repo/sandbox/node/redirector-aio/backend/lib/redirects.json","nodeEnv":"dev.local","service":"redirector","level":"info","message":"get redirects from file","timestamp":"2016-12-29T09:38:13.440Z"}
{"fileName":"/Users/ljeff/git_repo/sandbox/node/redirector-aio/backend/lib/redirects.json","nodeEnv":"dev.local","service":"redirector","level":"info","message":"get redirects from file","timestamp":"2016-12-29T09:41:21.924Z"}
{"fileName":"/Users/ljeff/git_repo/sandbox/node/redirector-aio/backend/lib/redirects.json","nodeEnv":"dev.local","service":"redirector","level":"info","message":"get redirects from file","timestamp":"2016-12-29T09:41:58.161Z"}
{"fileName":"/Users/ljeff/git_repo/sandbox/node/redirector-aio/backend/lib/redirects.json","nodeEnv":"dev.local","service":"redirector","level":"info","message":"get redirects from file","timestamp":"2016-12-29T09:42:54.360Z"}
{"fileName":"/Users/ljeff/git_repo/sandbox/node/redirector-aio/backend/lib/redirects.json","nodeEnv":"dev.local","service":"redirector","level":"info","message":"get redirects from file","timestamp":"2016-12-29T09:47:28.240Z"}
{"fileName":"/Users/ljeff/git_repo/sandbox/node/redirector-aio/backend/lib/redirects.json","nodeEnv":"dev.local","service":"redirector","level":"info","message":"get redirects from file","timestamp":"2016-12-29T16:28:29.353Z"}
{"fileName":"/Users/ljeff/git_repo/sandbox/node/redirector-aio/backend/lib/redirects.json","nodeEnv":"dev.local","service":"redirector","level":"info","message":"get redirects from file","timestamp":"2016-12-29T16:31:38.507Z"}
{"fileName":"/Users/ljeff/git_repo/sandbox/node/redirector-aio/backend/lib/redirects.json","nodeEnv":"dev.local","service":"redirector","level":"info","message":"get redirects from file","timestamp":"2016-12-29T16:52:43.164Z"}
{"fileName":"/Users/ljeff/git_repo/sandbox/node/redirector-aio/backend/lib/redirects.json","nodeEnv":"dev.local","service":"redirector","level":"info","message":"get redirects from file","timestamp":"2016-12-29T16:54:23.773Z"}
{"fileName":"/Users/ljeff/git_repo/sandbox/node/redirector-aio/backend/lib/redirects.json","nodeEnv":"dev.local","service":"redirector","level":"info","message":"get redirects from file","timestamp":"2016-12-29T16:56:41.808Z"}
{"fileName":"/Users/ljeff/git_repo/sandbox/node/redirector-aio/backend/lib/redirects.json","nodeEnv":"dev.local","service":"redirector","level":"info","message":"get redirects from file","timestamp":"2016-12-29T16:58:35.967Z"}
{"fileName":"/Users/ljeff/git_repo/sandbox/node/redirector-aio/backend/lib/redirects.json","nodeEnv":"dev.local","service":"redirector","level":"info","message":"get redirects from file","timestamp":"2016-12-29T19:51:38.454Z"}
{"fileName":"/Users/ljeff/git_repo/sandbox/node/redirector-aio/backend/lib/redirects.json","nodeEnv":"dev.local","service":"redirector","level":"info","message":"get redirects from file","timestamp":"2016-12-29T19:52:56.033Z"}
{"fileName":"/Users/ljeff/git_repo/sandbox/node/redirector-aio/backend/lib/redirects.json","nodeEnv":"dev.local","service":"redirector","level":"info","message":"get redirects from file","timestamp":"2016-12-29T19:54:09.177Z"}
{"fileName":"/Users/ljeff/git_repo/sandbox/node/redirector-aio/backend/lib/redirects.json","nodeEnv":"dev.local","service":"redirector","level":"info","message":"get redirects from file","timestamp":"2016-12-29T19:59:51.925Z"}
{"fileName":"/Users/ljeff/git_repo/sandbox/node/redirector-aio/backend/lib/redirects.json","nodeEnv":"dev.local","service":"redirector","level":"info","message":"get redirects from file","timestamp":"2016-12-29T20:00:21.758Z"}
{"fileName":"/Users/ljeff/git_repo/sandbox/node/redirector-aio/backend/lib/redirects.json","nodeEnv":"dev.local","service":"redirector","level":"info","message":"get redirects from file","timestamp":"2016-12-29T20:19:18.142Z"}
{"fileName":"/Users/ljeff/git_repo/sandbox/node/redirector-aio/backend/lib/redirects.json","nodeEnv":"dev.local","service":"redirector","level":"info","message":"get redirects from file","timestamp":"2016-12-29T20:25:47.774Z"}
{"fileName":"/Users/ljeff/git_repo/sandbox/node/redirector-aio/backend/lib/redirects.json","id":11,"ruleName":"task one","nodeEnv":"dev.local","service":"redirector","level":"info","message":"Successfully updated redirect","timestamp":"2016-12-29T20:26:44.347Z"}
{"fileName":"/Users/ljeff/git_repo/sandbox/node/redirector-aio/backend/lib/redirects.json","id":11,"ruleName":"task one","nodeEnv":"dev.local","service":"redirector","level":"info","message":"Successfully updated redirect","timestamp":"2016-12-29T20:26:44.349Z"}
{"fileName":"/Users/ljeff/git_repo/sandbox/node/redirector-aio/backend/lib/redirects.json","id":11,"ruleName":"task one","nodeEnv":"dev.local","service":"redirector","level":"info","message":"Successfully updated redirect","timestamp":"2016-12-29T20:27:48.017Z"}
{"fileName":"/Users/ljeff/git_repo/sandbox/node/redirector-aio/backend/lib/redirects.json","id":11,"ruleName":"task one","nodeEnv":"dev.local","service":"redirector","level":"info","message":"Successfully updated redirect","timestamp":"2016-12-29T20:27:49.551Z"}
{"fileName":"/Users/ljeff/git_repo/sandbox/node/redirector-aio/backend/lib/redirects.json","nodeEnv":"dev.local","service":"redirector","level":"info","message":"get redirects from file","timestamp":"2016-12-29T20:41:24.969Z"}
{"fileName":"/Users/ljeff/git_repo/sandbox/node/redirector-aio/backend/lib/redirects.json","nodeEnv":"dev.local","service":"redirector","level":"info","message":"get redirects from file","timestamp":"2016-12-29T20:42:29.607Z"}
{"fileName":"/Users/ljeff/git_repo/sandbox/node/redirector-aio/backend/lib/redirects.json","nodeEnv":"dev.local","service":"redirector","level":"info","message":"get redirects from file","timestamp":"2016-12-29T20:47:08.016Z"}
{"fileName":"/Users/ljeff/git_repo/sandbox/node/redirector-aio/backend/lib/redirects.json","nodeEnv":"dev.local","service":"redirector","level":"info","message":"get redirects from file","timestamp":"2016-12-29T23:03:13.064Z"}
{"fileName":"/Users/ljeff/git_repo/sandbox/node/redirector-aio/backend/lib/redirects.json","nodeEnv":"dev.local","service":"redirector","level":"info","message":"get redirects from file","timestamp":"2016-12-29T23:04:55.655Z"}
{"fileName":"/Users/ljeff/git_repo/sandbox/node/redirector-aio/backend/lib/redirects.json","nodeEnv":"dev.local","service":"redirector","level":"info","message":"get redirects from file","timestamp":"2016-12-29T23:10:17.006Z"}
{"fileName":"/Users/ljeff/git_repo/sandbox/node/redirector-aio/backend/lib/redirects.json","nodeEnv":"dev.local","service":"redirector","level":"info","message":"get redirects from file","timestamp":"2016-12-30T00:07:45.112Z"}
{"fileName":"/Users/ljeff/git_repo/sandbox/node/redirector-aio/backend/lib/redirects.json","nodeEnv":"dev.local","service":"redirector","level":"info","message":"get redirects from file","timestamp":"2016-12-30T00:11:09.763Z"}
{"fileName":"/Users/ljeff/git_repo/sandbox/node/redirector-aio/backend/lib/redirects.json","nodeEnv":"dev.local","service":"redirector","level":"info","message":"get redirects from file","timestamp":"2016-12-30T00:18:09.427Z"}
{"fileName":"/Users/ljeff/git_repo/sandbox/node/redirector-aio/backend/lib/redirects.json","nodeEnv":"dev.local","service":"redirector","level":"info","message":"get redirects from file","timestamp":"2016-12-30T00:21:50.495Z"}
{"fileName":"/Users/ljeff/git_repo/sandbox/node/redirector-aio/backend/lib/redirects.json","nodeEnv":"dev.local","service":"redirector","level":"info","message":"get redirects from file","timestamp":"2016-12-30T00:22:29.282Z"}
{"fileName":"/Users/ljeff/git_repo/sandbox/node/redirector-aio/backend/lib/redirects.json","nodeEnv":"dev.local","service":"redirector","level":"info","message":"get redirects from file","timestamp":"2016-12-30T01:45:12.154Z"}
{"fileName":"/Users/ljeff/git_repo/sandbox/node/redirector-aio/backend/lib/redirects.json","nodeEnv":"dev.local","service":"redirector","level":"info","message":"get redirects from file","timestamp":"2016-12-30T01:46:54.949Z"}
{"fileName":"/Users/ljeff/git_repo/sandbox/node/redirector-aio/backend/lib/redirects.json","nodeEnv":"dev.local","service":"redirector","level":"info","message":"get redirects from file","timestamp":"2017-01-01T21:39:00.160Z"}
{"fileName":"/Users/ljeff/git_repo/sandbox/node/redirector-aio/backend/lib/redirects.json","nodeEnv":"dev.local","service":"redirector","level":"info","message":"get redirects from file","timestamp":"2017-01-01T21:41:41.873Z"}
{"fileName":"/Users/ljeff/git_repo/sandbox/node/redirector-aio/backend/lib/redirects.json","nodeEnv":"dev.local","service":"redirector","level":"info","message":"get redirects from file","timestamp":"2017-01-01T21:44:32.301Z"}
{"fileName":"/Users/ljeff/git_repo/sandbox/node/redirector-aio/backend/lib/redirects.json","id":2,"ruleName":"Full Screen Weather auto/wxmap8","nodeEnv":"dev.local","service":"redirector","level":"info","message":"Successfully updated redirect","timestamp":"2017-01-01T21:45:55.203Z"}
{"fileName":"/Users/ljeff/git_repo/sandbox/node/redirector-aio/backend/lib/redirects.json","id":2,"ruleName":"Full Screen Weather auto/wxmap8","nodeEnv":"dev.local","service":"redirector","level":"info","message":"Successfully updated redirect","timestamp":"2017-01-01T21:45:55.206Z"}
{"fileName":"/Users/ljeff/git_repo/sandbox/node/redirector-aio/backend/lib/redirects.json","id":2,"ruleName":"Full Screen Weather auto/wxmap*","nodeEnv":"dev.local","service":"redirector","level":"info","message":"Successfully updated redirect","timestamp":"2017-01-01T21:46:02.575Z"}
{"fileName":"/Users/ljeff/git_repo/sandbox/node/redirector-aio/backend/lib/redirects.json","id":2,"ruleName":"Full Screen Weather auto/wxmap*","nodeEnv":"dev.local","service":"redirector","level":"info","message":"Successfully updated redirect","timestamp":"2017-01-01T21:46:02.576Z"}
{"fileName":"/Users/ljeff/git_repo/sandbox/node/redirector-aio/backend/lib/redirects.json","nodeEnv":"dev.local","service":"redirector","level":"info","message":"get redirects from file","timestamp":"2017-01-01T22:03:02.324Z"}
{"fileName":"/Users/ljeff/git_repo/sandbox/node/redirector-aio/backend/lib/redirects.json","nodeEnv":"dev.local","service":"redirector","level":"info","message":"get redirects from file","timestamp":"2017-01-01T22:03:32.958Z"}
{"fileName":"/Users/ljeff/git_repo/sandbox/node/redirector-aio/backend/lib/redirects.json","nodeEnv":"dev.local","service":"redirector","level":"info","message":"get redirects from file","timestamp":"2017-01-01T22:58:39.022Z"}
{"fileName":"/Users/ljeff/git_repo/sandbox/node/redirector-aio/backend/lib/redirects.json","nodeEnv":"dev.local","service":"redirector","level":"info","message":"get redirects from file","timestamp":"2017-01-01T23:03:11.537Z"}
{"fileName":"/Users/ljeff/git_repo/sandbox/node/redirector-aio/backend/lib/redirects.json","nodeEnv":"dev.local","service":"redirector","level":"info","message":"get redirects from file","timestamp":"2017-01-01T23:04:30.262Z"}
{"fileName":"/Users/ljeff/git_repo/sandbox/node/redirector-aio/backend/lib/redirects.json","nodeEnv":"dev.local","service":"redirector","level":"info","message":"get redirects from file","timestamp":"2017-01-01T23:05:37.047Z"}
{"fileName":"/Users/ljeff/git_repo/sandbox/node/redirector-aio/backend/lib/redirects.json","nodeEnv":"dev.local","service":"redirector","level":"info","message":"get redirects from file","timestamp":"2017-01-01T23:07:37.306Z"}
{"fileName":"/Users/ljeff/git_repo/sandbox/node/redirector-aio/backend/lib/redirects.json","nodeEnv":"dev.local","service":"redirector","level":"info","message":"get redirects from file","timestamp":"2017-01-01T23:08:49.750Z"}
{"fileName":"/Users/ljeff/git_repo/sandbox/node/redirector-aio/backend/lib/redirects.json","nodeEnv":"dev.local","service":"redirector","level":"info","message":"get redirects from file","timestamp":"2017-01-01T23:10:20.115Z"}
{"fileName":"/Users/ljeff/git_repo/sandbox/node/redirector-aio/backend/lib/redirects.json","nodeEnv":"dev.local","service":"redirector","level":"info","message":"get redirects from file","timestamp":"2017-01-01T23:11:53.224Z"}
{"fileName":"/Users/ljeff/git_repo/sandbox/node/redirector-aio/backend/lib/redirects.json","nodeEnv":"dev.local","service":"redirector","level":"info","message":"get redirects from file","timestamp":"2017-01-01T23:13:35.945Z"}
{"fileName":"/Users/ljeff/git_repo/sandbox/node/redirector-aio/backend/lib/redirects.json","nodeEnv":"dev.local","service":"redirector","level":"info","message":"get redirects from file","timestamp":"2017-01-01T23:14:03.480Z"}
{"fileName":"/Users/ljeff/git_repo/sandbox/node/redirector-aio/backend/lib/redirects.json","nodeEnv":"dev.local","service":"redirector","level":"info","message":"get redirects from file","timestamp":"2017-01-01T23:14:18.982Z"}
{"fileName":"/Users/ljeff/git_repo/sandbox/node/redirector-aio/backend/lib/redirects.json","nodeEnv":"dev.local","service":"redirector","level":"info","message":"get redirects from file","timestamp":"2017-01-01T23:16:55.106Z"}
{"fileName":"/Users/ljeff/git_repo/sandbox/node/redirector-aio/backend/lib/redirects.json","nodeEnv":"dev.local","service":"redirector","level":"info","message":"get redirects from file","timestamp":"2017-01-01T23:18:15.392Z"}
{"fileName":"/Users/ljeff/git_repo/sandbox/node/redirector-aio/backend/lib/redirects.json","nodeEnv":"dev.local","service":"redirector","level":"info","message":"get redirects from file","timestamp":"2017-01-01T23:18:26.831Z"}
{"fileName":"/Users/ljeff/git_repo/sandbox/node/redirector-aio/backend/lib/redirects.json","nodeEnv":"dev.local","service":"redirector","level":"info","message":"get redirects from file","timestamp":"2017-01-01T23:19:23.074Z"}
{"fileName":"/Users/ljeff/git_repo/sandbox/node/redirector-aio/backend/lib/redirects.json","nodeEnv":"dev.local","service":"redirector","level":"info","message":"get redirects from file","timestamp":"2017-01-01T23:20:31.311Z"}
{"fileName":"/Users/ljeff/git_repo/sandbox/node/redirector-aio/backend/lib/redirects.json","nodeEnv":"dev.local","service":"redirector","level":"info","message":"get redirects from file","timestamp":"2017-01-01T23:21:24.581Z"}
{"fileName":"/Users/ljeff/git_repo/sandbox/node/redirector-aio/backend/lib/redirects.json","nodeEnv":"dev.local","service":"redirector","level":"info","message":"get redirects from file","timestamp":"2017-01-01T23:22:07.294Z"}
{"fileName":"/Users/ljeff/git_repo/sandbox/node/redirector-aio/backend/lib/redirects.json","nodeEnv":"dev.local","service":"redirector","level":"info","message":"get redirects from file","timestamp":"2017-01-01T23:40:15.601Z"}
{"fileName":"/Users/ljeff/git_repo/sandbox/node/redirector-aio/backend/lib/redirects.json","nodeEnv":"dev.local","service":"redirector","level":"info","message":"get redirects from file","timestamp":"2017-01-02T15:43:03.336Z"}
{"fileName":"/Users/ljeff/git_repo/sandbox/node/redirector-aio/backend/lib/redirects.json","nodeEnv":"dev.local","service":"redirector","level":"info","message":"get redirects from file","timestamp":"2017-01-02T15:48:29.292Z"}
{"fileName":"/Users/ljeff/git_repo/sandbox/node/redirector-aio/backend/lib/redirects.json","nodeEnv":"dev.local","service":"redirector","level":"info","message":"get redirects from file","timestamp":"2017-01-02T15:50:49.267Z"}
{"fileName":"/Users/ljeff/git_repo/sandbox/node/redirector-aio/backend/lib/redirects.json","nodeEnv":"dev.local","service":"redirector","level":"info","message":"get redirects from file","timestamp":"2017-01-02T16:05:53.929Z"}
{"fileName":"/Users/ljeff/git_repo/sandbox/node/redirector-aio/backend/lib/redirects.json","nodeEnv":"dev.local","service":"redirector","level":"info","message":"get redirects from file","timestamp":"2017-01-02T16:26:37.986Z"}
{"fileName":"/Users/ljeff/git_repo/sandbox/node/redirector-aio/backend/lib/redirects.json","nodeEnv":"dev.local","service":"redirector","level":"info","message":"get redirects from file","timestamp":"2017-01-02T16:31:29.317Z"}
{"fileName":"/Users/ljeff/git_repo/sandbox/node/redirector-aio/backend/lib/redirects.json","nodeEnv":"dev.local","service":"redirector","level":"info","message":"get redirects from file","timestamp":"2017-01-02T16:32:06.881Z"}
{"fileName":"/Users/ljeff/git_repo/sandbox/node/redirector-aio/backend/lib/redirects.json","nodeEnv":"dev.local","service":"redirector","level":"info","message":"get redirects from file","timestamp":"2017-01-02T16:32:52.498Z"}
{"fileName":"/Users/ljeff/git_repo/sandbox/node/redirector-aio/backend/lib/redirects.json","nodeEnv":"dev.local","service":"redirector","level":"info","message":"get redirects from file","timestamp":"2017-01-03T15:45:57.891Z"}
{"fileName":"/Users/ljeff/git_repo/sandbox/node/redirector-aio/backend/lib/redirects.json","nodeEnv":"dev.local","service":"redirector","level":"info","message":"get redirects from file","timestamp":"2017-01-03T15:52:59.743Z"}
{"fileName":"/Users/ljeff/git_repo/sandbox/node/redirector-aio/backend/lib/redirects.json","nodeEnv":"dev.local","service":"redirector","level":"info","message":"get redirects from file","timestamp":"2017-01-03T15:53:25.511Z"}
{"fileName":"/Users/ljeff/git_repo/sandbox/node/redirector-aio/backend/lib/redirects.json","nodeEnv":"dev.local","service":"redirector","level":"info","message":"get redirects from file","timestamp":"2017-01-03T15:53:37.746Z"}
{"fileName":"/Users/ljeff/git_repo/sandbox/node/redirector-aio/backend/lib/redirects.json","nodeEnv":"dev.local","service":"redirector","level":"info","message":"get redirects from file","timestamp":"2017-01-03T15:55:23.767Z"}
{"fileName":"/Users/ljeff/git_repo/sandbox/node/redirector-aio/backend/lib/redirects.json","nodeEnv":"dev.local","service":"redirector","level":"info","message":"get redirects from file","timestamp":"2017-01-03T15:55:27.819Z"}
{"fileName":"/Users/ljeff/git_repo/sandbox/node/redirector-aio/backend/lib/redirects.json","nodeEnv":"dev.local","service":"redirector","level":"info","message":"get redirects from file","timestamp":"2017-01-03T15:56:04.496Z"}
{"fileName":"/Users/ljeff/git_repo/sandbox/node/redirector-aio/backend/lib/redirects.json","nodeEnv":"dev.local","service":"redirector","level":"info","message":"get redirects from file","timestamp":"2017-01-03T15:56:08.808Z"}
{"fileName":"/Users/ljeff/git_repo/sandbox/node/redirector-aio/backend/lib/redirects.json","nodeEnv":"dev.local","service":"redirector","level":"info","message":"get redirects from file","timestamp":"2017-01-03T15:58:16.315Z"}
{"fileName":"/Users/ljeff/git_repo/sandbox/node/redirector-aio/backend/lib/redirects.json","nodeEnv":"dev.local","service":"redirector","level":"info","message":"get redirects from file","timestamp":"2017-01-03T15:58:20.501Z"}
{"fileName":"/Users/ljeff/git_repo/sandbox/node/redirector-aio/backend/lib/redirects.json","nodeEnv":"dev.local","service":"redirector","level":"info","message":"get redirects from file","timestamp":"2017-01-03T16:08:39.024Z"}
{"fileName":"/Users/ljeff/git_repo/sandbox/node/redirector-aio/backend/lib/redirects.json","nodeEnv":"dev.local","service":"redirector","level":"info","message":"get redirects from file","timestamp":"2017-01-03T16:08:43.614Z"}
{"fileName":"/Users/ljeff/git_repo/sandbox/node/redirector-aio/backend/lib/redirects.json","nodeEnv":"dev.local","service":"redirector","level":"info","message":"get redirects from file","timestamp":"2017-01-03T16:08:44.032Z"}
{"fileName":"/Users/ljeff/git_repo/sandbox/node/redirector-aio/backend/lib/redirects.json","nodeEnv":"dev.local","service":"redirector","level":"info","message":"get redirects from file","timestamp":"2017-01-03T16:09:35.234Z"}
{"fileName":"/Users/ljeff/git_repo/sandbox/node/redirector-aio/backend/lib/redirects.json","nodeEnv":"dev.local","service":"redirector","level":"info","message":"get redirects from file","timestamp":"2017-01-03T16:09:39.770Z"}
{"fileName":"/Users/ljeff/git_repo/sandbox/node/redirector-aio/backend/lib/redirects.json","nodeEnv":"dev.local","service":"redirector","level":"info","message":"get redirects from file","timestamp":"2017-01-03T16:09:40.074Z"}
{"fileName":"/Users/ljeff/git_repo/sandbox/node/redirector-aio/backend/lib/redirects.json","nodeEnv":"dev.local","service":"redirector","level":"info","message":"get redirects from file","timestamp":"2017-01-03T16:12:00.265Z"}
{"fileName":"/Users/ljeff/git_repo/sandbox/node/redirector-aio/backend/lib/redirects.json","nodeEnv":"dev.local","service":"redirector","level":"info","message":"get redirects from file","timestamp":"2017-01-03T16:12:04.415Z"}
{"fileName":"/Users/ljeff/git_repo/sandbox/node/redirector-aio/backend/lib/redirects.json","nodeEnv":"dev.local","service":"redirector","level":"info","message":"get redirects from file","timestamp":"2017-01-03T16:12:04.715Z"}
{"fileName":"/Users/ljeff/git_repo/sandbox/node/redirector-aio/backend/lib/redirects.json","nodeEnv":"dev.local","service":"redirector","level":"info","message":"get redirects from file","timestamp":"2017-01-03T16:13:54.387Z"}
{"fileName":"/Users/ljeff/git_repo/sandbox/node/redirector-aio/backend/lib/redirects.json","nodeEnv":"dev.local","service":"redirector","level":"info","message":"get redirects from file","timestamp":"2017-01-03T16:13:58.263Z"}
{"fileName":"/Users/ljeff/git_repo/sandbox/node/redirector-aio/backend/lib/redirects.json","nodeEnv":"dev.local","service":"redirector","level":"info","message":"get redirects from file","timestamp":"2017-01-03T16:13:58.567Z"}
{"fileName":"/Users/ljeff/git_repo/sandbox/node/redirector-aio/backend/lib/redirects.json","nodeEnv":"dev.local","service":"redirector","level":"info","message":"get redirects from file","timestamp":"2017-01-03T16:15:39.307Z"}
{"fileName":"/Users/ljeff/git_repo/sandbox/node/redirector-aio/backend/lib/redirects.json","nodeEnv":"dev.local","service":"redirector","level":"info","message":"get redirects from file","timestamp":"2017-01-03T16:15:43.257Z"}
{"fileName":"/Users/ljeff/git_repo/sandbox/node/redirector-aio/backend/lib/redirects.json","nodeEnv":"dev.local","service":"redirector","level":"info","message":"get redirects from file","timestamp":"2017-01-03T16:15:43.556Z"}
{"fileName":"/Users/ljeff/git_repo/sandbox/node/redirector-aio/backend/lib/redirects.json","nodeEnv":"dev.local","service":"redirector","level":"info","message":"get redirects from file","timestamp":"2017-01-03T16:17:26.954Z"}
{"fileName":"/Users/ljeff/git_repo/sandbox/node/redirector-aio/backend/lib/redirects.json","nodeEnv":"dev.local","service":"redirector","level":"info","message":"get redirects from file","timestamp":"2017-01-03T16:17:27.270Z"}
{"fileName":"/Users/ljeff/git_repo/sandbox/node/redirector-aio/backend/lib/redirects.json","nodeEnv":"dev.local","service":"redirector","level":"info","message":"get redirects from file","timestamp":"2017-01-03T16:17:28.057Z"}
{"fileName":"/Users/ljeff/git_repo/sandbox/node/redirector-aio/backend/lib/redirects.json","nodeEnv":"dev.local","service":"redirector","level":"info","message":"get redirects from file","timestamp":"2017-01-03T16:21:15.095Z"}
{"fileName":"/Users/ljeff/git_repo/sandbox/node/redirector-aio/backend/lib/redirects.json","nodeEnv":"dev.local","service":"redirector","level":"info","message":"get redirects from file","timestamp":"2017-01-03T16:21:19.146Z"}
{"fileName":"/Users/ljeff/git_repo/sandbox/node/redirector-aio/backend/lib/redirects.json","nodeEnv":"dev.local","service":"redirector","level":"info","message":"get redirects from file","timestamp":"2017-01-03T16:21:19.444Z"}
{"fileName":"/Users/ljeff/git_repo/sandbox/node/redirector-aio/backend/lib/redirects.json","nodeEnv":"dev.local","service":"redirector","level":"info","message":"get redirects from file","timestamp":"2017-01-03T16:27:52.999Z"}
{"fileName":"/Users/ljeff/git_repo/sandbox/node/redirector-aio/backend/lib/redirects.json","nodeEnv":"dev.local","service":"redirector","level":"info","message":"get redirects from file","timestamp":"2017-01-03T16:27:56.234Z"}
{"fileName":"/Users/ljeff/git_repo/sandbox/node/redirector-aio/backend/lib/redirects.json","nodeEnv":"dev.local","service":"redirector","level":"info","message":"get redirects from file","timestamp":"2017-01-03T16:35:04.810Z"}
{"fileName":"/Users/ljeff/git_repo/sandbox/node/redirector-aio/backend/lib/redirects.json","nodeEnv":"dev.local","service":"redirector","level":"info","message":"get redirects from file","timestamp":"2017-01-03T16:35:08.862Z"}
{"fileName":"/Users/ljeff/git_repo/sandbox/node/redirector-aio/backend/lib/redirects.json","nodeEnv":"dev.local","service":"redirector","level":"info","message":"get redirects from file","timestamp":"2017-01-03T16:35:09.211Z"}
{"fileName":"/Users/ljeff/git_repo/sandbox/node/redirector-aio/backend/lib/redirects.json","id":1,"ruleName":"Full Screen Weather","nodeEnv":"dev.local","service":"redirector","level":"info","message":"Successfully updated redirect","timestamp":"2017-01-03T16:37:50.571Z"}
{"fileName":"/Users/ljeff/git_repo/sandbox/node/redirector-aio/backend/lib/redirects.json","id":1,"ruleName":"Full Screen Weather","nodeEnv":"dev.local","service":"redirector","level":"info","message":"Successfully updated redirect","timestamp":"2017-01-03T16:37:51.332Z"}
{"fileName":"/Users/ljeff/git_repo/sandbox/node/redirector-aio/backend/lib/redirects.json","nodeEnv":"dev.local","service":"redirector","level":"info","message":"get redirects from file","timestamp":"2017-01-03T17:01:01.981Z"}
{"fileName":"/Users/ljeff/git_repo/sandbox/node/redirector-aio/backend/lib/redirects.json","nodeEnv":"dev.local","service":"redirector","level":"info","message":"get redirects from file","timestamp":"2017-01-03T17:01:06.292Z"}
{"fileName":"/Users/ljeff/git_repo/sandbox/node/redirector-aio/backend/lib/redirects.json","nodeEnv":"dev.local","service":"redirector","level":"info","message":"get redirects from file","timestamp":"2017-01-03T17:01:06.603Z"}
{"fileName":"/Users/ljeff/git_repo/sandbox/node/redirector-aio/backend/lib/redirects.json","nodeEnv":"dev.local","service":"redirector","level":"info","message":"get redirects from file","timestamp":"2017-01-03T17:05:48.472Z"}
{"fileName":"/Users/ljeff/git_repo/sandbox/node/redirector-aio/backend/lib/redirects.json","nodeEnv":"dev.local","service":"redirector","level":"info","message":"get redirects from file","timestamp":"2017-01-03T17:05:51.780Z"}
{"fileName":"/Users/ljeff/git_repo/sandbox/node/redirector-aio/backend/lib/redirects.json","nodeEnv":"dev.local","service":"redirector","level":"info","message":"get redirects from file","timestamp":"2017-01-03T17:05:52.091Z"}
{"fileName":"/Users/ljeff/git_repo/sandbox/node/redirector-aio/backend/lib/redirects.json","nodeEnv":"dev.local","service":"redirector","level":"info","message":"get redirects from file","timestamp":"2017-01-03T17:06:22.630Z"}
{"fileName":"/Users/ljeff/git_repo/sandbox/node/redirector-aio/backend/lib/redirects.json","nodeEnv":"dev.local","service":"redirector","level":"info","message":"get redirects from file","timestamp":"2017-01-03T17:06:22.898Z"}
{"fileName":"/Users/ljeff/git_repo/sandbox/node/redirector-aio/backend/lib/redirects.json","nodeEnv":"dev.local","service":"redirector","level":"info","message":"get redirects from file","timestamp":"2017-01-03T17:06:23.106Z"}
{"fileName":"/Users/ljeff/git_repo/sandbox/node/redirector-aio/backend/lib/redirects.json","nodeEnv":"dev.local","service":"redirector","level":"info","message":"get redirects from file","timestamp":"2017-01-03T17:10:03.539Z"}
{"fileName":"/Users/ljeff/git_repo/sandbox/node/redirector-aio/backend/lib/redirects.json","nodeEnv":"dev.local","service":"redirector","level":"info","message":"get redirects from file","timestamp":"2017-01-03T17:10:08.218Z"}
{"fileName":"/Users/ljeff/git_repo/sandbox/node/redirector-aio/backend/lib/redirects.json","nodeEnv":"dev.local","service":"redirector","level":"info","message":"get redirects from file","timestamp":"2017-01-03T17:10:08.570Z"}
{"fileName":"/Users/ljeff/git_repo/sandbox/node/redirector-aio/backend/lib/redirects.json","nodeEnv":"dev.local","service":"redirector","level":"info","message":"get redirects from file","timestamp":"2017-01-03T17:10:34.640Z"}
{"fileName":"/Users/ljeff/git_repo/sandbox/node/redirector-aio/backend/lib/redirects.json","nodeEnv":"dev.local","service":"redirector","level":"info","message":"get redirects from file","timestamp":"2017-01-03T17:10:38.836Z"}
{"fileName":"/Users/ljeff/git_repo/sandbox/node/redirector-aio/backend/lib/redirects.json","nodeEnv":"dev.local","service":"redirector","level":"info","message":"get redirects from file","timestamp":"2017-01-03T17:10:39.124Z"}
{"fileName":"/Users/ljeff/git_repo/sandbox/node/redirector-aio/backend/lib/redirects.json","nodeEnv":"dev.local","service":"redirector","level":"info","message":"get redirects from file","timestamp":"2017-01-03T17:11:18.667Z"}
{"fileName":"/Users/ljeff/git_repo/sandbox/node/redirector-aio/backend/lib/redirects.json","nodeEnv":"dev.local","service":"redirector","level":"info","message":"get redirects from file","timestamp":"2017-01-03T17:11:22.520Z"}
{"fileName":"/Users/ljeff/git_repo/sandbox/node/redirector-aio/backend/lib/redirects.json","nodeEnv":"dev.local","service":"redirector","level":"info","message":"get redirects from file","timestamp":"2017-01-03T17:11:22.914Z"}
{"fileName":"/Users/ljeff/git_repo/sandbox/node/redirector-aio/backend/lib/redirects.json","nodeEnv":"dev.local","service":"redirector","level":"info","message":"get redirects from file","timestamp":"2017-01-03T17:12:48.106Z"}
{"fileName":"/Users/ljeff/git_repo/sandbox/node/redirector-aio/backend/lib/redirects.json","nodeEnv":"dev.local","service":"redirector","level":"info","message":"get redirects from file","timestamp":"2017-01-03T17:12:51.662Z"}
{"fileName":"/Users/ljeff/git_repo/sandbox/node/redirector-aio/backend/lib/redirects.json","nodeEnv":"dev.local","service":"redirector","level":"info","message":"get redirects from file","timestamp":"2017-01-03T17:12:51.970Z"}
{"fileName":"/Users/ljeff/git_repo/sandbox/node/redirector-aio/backend/lib/redirects.json","nodeEnv":"dev.local","service":"redirector","level":"info","message":"get redirects from file","timestamp":"2017-01-03T17:13:08.257Z"}
{"fileName":"/Users/ljeff/git_repo/sandbox/node/redirector-aio/backend/lib/redirects.json","nodeEnv":"dev.local","service":"redirector","level":"info","message":"get redirects from file","timestamp":"2017-01-03T17:13:12.662Z"}
{"fileName":"/Users/ljeff/git_repo/sandbox/node/redirector-aio/backend/lib/redirects.json","nodeEnv":"dev.local","service":"redirector","level":"info","message":"get redirects from file","timestamp":"2017-01-03T17:13:13.012Z"}
{"fileName":"/Users/ljeff/git_repo/sandbox/node/redirector-aio/backend/lib/redirects.json","nodeEnv":"dev.local","service":"redirector","level":"info","message":"get redirects from file","timestamp":"2017-01-03T17:13:28.246Z"}
{"fileName":"/Users/ljeff/git_repo/sandbox/node/redirector-aio/backend/lib/redirects.json","nodeEnv":"dev.local","service":"redirector","level":"info","message":"get redirects from file","timestamp":"2017-01-03T17:13:32.609Z"}
{"fileName":"/Users/ljeff/git_repo/sandbox/node/redirector-aio/backend/lib/redirects.json","nodeEnv":"dev.local","service":"redirector","level":"info","message":"get redirects from file","timestamp":"2017-01-03T17:13:32.910Z"}
{"fileName":"/Users/ljeff/git_repo/sandbox/node/redirector-aio/backend/lib/redirects.json","nodeEnv":"dev.local","service":"redirector","level":"info","message":"get redirects from file","timestamp":"2017-01-03T17:14:17.743Z"}
{"fileName":"/Users/ljeff/git_repo/sandbox/node/redirector-aio/backend/lib/redirects.json","nodeEnv":"dev.local","service":"redirector","level":"info","message":"get redirects from file","timestamp":"2017-01-03T17:14:22.111Z"}
{"fileName":"/Users/ljeff/git_repo/sandbox/node/redirector-aio/backend/lib/redirects.json","nodeEnv":"dev.local","service":"redirector","level":"info","message":"get redirects from file","timestamp":"2017-01-03T17:14:22.406Z"}
{"fileName":"/Users/ljeff/git_repo/sandbox/node/redirector-aio/backend/lib/redirects.json","nodeEnv":"dev.local","service":"redirector","level":"info","message":"get redirects from file","timestamp":"2017-01-03T17:14:59.706Z"}
{"fileName":"/Users/ljeff/git_repo/sandbox/node/redirector-aio/backend/lib/redirects.json","nodeEnv":"dev.local","service":"redirector","level":"info","message":"get redirects from file","timestamp":"2017-01-03T17:15:03.806Z"}
{"fileName":"/Users/ljeff/git_repo/sandbox/node/redirector-aio/backend/lib/redirects.json","nodeEnv":"dev.local","service":"redirector","level":"info","message":"get redirects from file","timestamp":"2017-01-03T17:15:04.161Z"}
{"fileName":"/Users/ljeff/git_repo/sandbox/node/redirector-aio/backend/lib/redirects.json","nodeEnv":"dev.local","service":"redirector","level":"info","message":"get redirects from file","timestamp":"2017-01-03T17:16:21.067Z"}
{"fileName":"/Users/ljeff/git_repo/sandbox/node/redirector-aio/backend/lib/redirects.json","nodeEnv":"dev.local","service":"redirector","level":"info","message":"get redirects from file","timestamp":"2017-01-03T17:16:28.466Z"}
{"fileName":"/Users/ljeff/git_repo/sandbox/node/redirector-aio/backend/lib/redirects.json","nodeEnv":"dev.local","service":"redirector","level":"info","message":"get redirects from file","timestamp":"2017-01-03T17:16:28.864Z"}
{"fileName":"/Users/ljeff/git_repo/sandbox/node/redirector-aio/backend/lib/redirects.json","nodeEnv":"dev.local","service":"redirector","level":"info","message":"get redirects from file","timestamp":"2017-01-03T18:14:21.575Z"}
{"fileName":"/Users/ljeff/git_repo/sandbox/node/redirector-aio/backend/lib/redirects.json","nodeEnv":"dev.local","service":"redirector","level":"info","message":"get redirects from file","timestamp":"2017-01-03T18:14:21.811Z"}
{"fileName":"/Users/ljeff/git_repo/sandbox/node/redirector-aio/backend/lib/redirects.json","nodeEnv":"dev.local","service":"redirector","level":"info","message":"get redirects from file","timestamp":"2017-01-03T18:14:22.211Z"}
{"fileName":"/Users/ljeff/git_repo/sandbox/node/redirector-aio/backend/lib/redirects.json","nodeEnv":"dev.local","service":"redirector","level":"info","message":"get redirects from file","timestamp":"2017-01-03T18:14:31.791Z"}
{"fileName":"/Users/ljeff/git_repo/sandbox/node/redirector-aio/backend/lib/redirects.json","nodeEnv":"dev.local","service":"redirector","level":"info","message":"get redirects from file","timestamp":"2017-01-03T18:15:03.538Z"}
{"fileName":"/Users/ljeff/git_repo/sandbox/node/redirector-aio/backend/lib/redirects.json","nodeEnv":"dev.local","service":"redirector","level":"info","message":"get redirects from file","timestamp":"2017-01-03T18:15:08.159Z"}
{"fileName":"/Users/ljeff/git_repo/sandbox/node/redirector-aio/backend/lib/redirects.json","nodeEnv":"dev.local","service":"redirector","level":"info","message":"get redirects from file","timestamp":"2017-01-03T18:15:08.464Z"}
{"fileName":"/Users/ljeff/git_repo/sandbox/node/redirector-aio/backend/lib/redirects.json","nodeEnv":"dev.local","service":"redirector","level":"info","message":"get redirects from file","timestamp":"2017-01-03T18:15:42.436Z"}
{"fileName":"/Users/ljeff/git_repo/sandbox/node/redirector-aio/backend/lib/redirects.json","nodeEnv":"dev.local","service":"redirector","level":"info","message":"get redirects from file","timestamp":"2017-01-03T18:15:47.264Z"}
{"fileName":"/Users/ljeff/git_repo/sandbox/node/redirector-aio/backend/lib/redirects.json","nodeEnv":"dev.local","service":"redirector","level":"info","message":"get redirects from file","timestamp":"2017-01-03T18:16:55.796Z"}
{"fileName":"/Users/ljeff/git_repo/sandbox/node/redirector-aio/backend/lib/redirects.json","nodeEnv":"dev.local","service":"redirector","level":"info","message":"get redirects from file","timestamp":"2017-01-03T18:17:00.205Z"}
{"fileName":"/Users/ljeff/git_repo/sandbox/node/redirector-aio/backend/lib/redirects.json","nodeEnv":"dev.local","service":"redirector","level":"info","message":"get redirects from file","timestamp":"2017-01-03T18:17:00.553Z"}
{"fileName":"/Users/ljeff/git_repo/sandbox/node/redirector-aio/backend/lib/redirects.json","nodeEnv":"dev.local","service":"redirector","level":"info","message":"get redirects from file","timestamp":"2017-01-03T18:17:22.559Z"}
{"fileName":"/Users/ljeff/git_repo/sandbox/node/redirector-aio/backend/lib/redirects.json","nodeEnv":"dev.local","service":"redirector","level":"info","message":"get redirects from file","timestamp":"2017-01-03T18:17:27.304Z"}
{"fileName":"/Users/ljeff/git_repo/sandbox/node/redirector-aio/backend/lib/redirects.json","nodeEnv":"dev.local","service":"redirector","level":"info","message":"get redirects from file","timestamp":"2017-01-03T18:17:27.602Z"}
{"fileName":"/Users/ljeff/git_repo/sandbox/node/redirector-aio/backend/lib/redirects.json","nodeEnv":"dev.local","service":"redirector","level":"info","message":"get redirects from file","timestamp":"2017-01-03T18:22:21.048Z"}
{"fileName":"/Users/ljeff/git_repo/sandbox/node/redirector-aio/backend/lib/redirects.json","nodeEnv":"dev.local","service":"redirector","level":"info","message":"get redirects from file","timestamp":"2017-01-03T18:22:21.341Z"}
{"fileName":"/Users/ljeff/git_repo/sandbox/node/redirector-aio/backend/lib/redirects.json","nodeEnv":"dev.local","service":"redirector","level":"info","message":"get redirects from file","timestamp":"2017-01-03T18:22:48.849Z"}
{"fileName":"/Users/ljeff/git_repo/sandbox/node/redirector-aio/backend/lib/redirects.json","nodeEnv":"dev.local","service":"redirector","level":"info","message":"get redirects from file","timestamp":"2017-01-03T18:22:49.151Z"}
{"fileName":"/Users/ljeff/git_repo/sandbox/node/redirector-aio/backend/lib/redirects.json","nodeEnv":"dev.local","service":"redirector","level":"info","message":"get redirects from file","timestamp":"2017-01-03T18:23:52.038Z"}
{"fileName":"/Users/ljeff/git_repo/sandbox/node/redirector-aio/backend/lib/redirects.json","nodeEnv":"dev.local","service":"redirector","level":"info","message":"get redirects from file","timestamp":"2017-01-03T18:23:52.339Z"}
{"fileName":"/Users/ljeff/git_repo/sandbox/node/redirector-aio/backend/lib/redirects.json","nodeEnv":"dev.local","service":"redirector","level":"info","message":"get redirects from file","timestamp":"2017-01-03T18:24:22.161Z"}
{"fileName":"/Users/ljeff/git_repo/sandbox/node/redirector-aio/backend/lib/redirects.json","nodeEnv":"dev.local","service":"redirector","level":"info","message":"get redirects from file","timestamp":"2017-01-03T18:24:22.848Z"}
{"fileName":"/Users/ljeff/git_repo/sandbox/node/redirector-aio/backend/lib/redirects.json","nodeEnv":"dev.local","service":"redirector","level":"info","message":"get redirects from file","timestamp":"2017-01-03T18:24:23.185Z"}
{"fileName":"/Users/ljeff/git_repo/sandbox/node/redirector-aio/backend/lib/redirects.json","nodeEnv":"dev.local","service":"redirector","level":"info","message":"get redirects from file","timestamp":"2017-01-03T18:25:51.365Z"}
{"fileName":"/Users/ljeff/git_repo/sandbox/node/redirector-aio/backend/lib/redirects.json","nodeEnv":"dev.local","service":"redirector","level":"info","message":"get redirects from file","timestamp":"2017-01-03T18:25:55.486Z"}
{"fileName":"/Users/ljeff/git_repo/sandbox/node/redirector-aio/backend/lib/redirects.json","nodeEnv":"dev.local","service":"redirector","level":"info","message":"get redirects from file","timestamp":"2017-01-03T18:25:55.789Z"}
{"fileName":"/Users/ljeff/git_repo/sandbox/node/redirector-aio/backend/lib/redirects.json","nodeEnv":"dev.local","service":"redirector","level":"info","message":"get redirects from file","timestamp":"2017-01-03T18:26:08.683Z"}
{"fileName":"/Users/ljeff/git_repo/sandbox/node/redirector-aio/backend/lib/redirects.json","nodeEnv":"dev.local","service":"redirector","level":"info","message":"get redirects from file","timestamp":"2017-01-03T18:26:12.931Z"}
{"fileName":"/Users/ljeff/git_repo/sandbox/node/redirector-aio/backend/lib/redirects.json","nodeEnv":"dev.local","service":"redirector","level":"info","message":"get redirects from file","timestamp":"2017-01-03T18:26:13.250Z"}
{"fileName":"/Users/ljeff/git_repo/sandbox/node/redirector-aio/backend/lib/redirects.json","nodeEnv":"dev.local","service":"redirector","level":"info","message":"get redirects from file","timestamp":"2017-01-03T18:35:43.419Z"}
{"fileName":"/Users/ljeff/git_repo/sandbox/node/redirector-aio/backend/lib/redirects.json","nodeEnv":"dev.local","service":"redirector","level":"info","message":"get redirects from file","timestamp":"2017-01-03T18:35:43.715Z"}
{"fileName":"/Users/ljeff/git_repo/sandbox/node/redirector-aio/backend/lib/redirects.json","nodeEnv":"dev.local","service":"redirector","level":"info","message":"get redirects from file","timestamp":"2017-01-03T18:36:14.702Z"}
{"fileName":"/Users/ljeff/git_repo/sandbox/node/redirector-aio/backend/lib/redirects.json","nodeEnv":"dev.local","service":"redirector","level":"info","message":"get redirects from file","timestamp":"2017-01-03T18:36:16.361Z"}
{"fileName":"/Users/ljeff/git_repo/sandbox/node/redirector-aio/backend/lib/redirects.json","nodeEnv":"dev.local","service":"redirector","level":"info","message":"get redirects from file","timestamp":"2017-01-03T18:36:16.665Z"}
{"fileName":"/Users/ljeff/git_repo/sandbox/node/redirector-aio/backend/lib/redirects.json","nodeEnv":"dev.local","service":"redirector","level":"info","message":"get redirects from file","timestamp":"2017-01-03T18:38:18.498Z"}
{"fileName":"/Users/ljeff/git_repo/sandbox/node/redirector-aio/backend/lib/redirects.json","nodeEnv":"dev.local","service":"redirector","level":"info","message":"get redirects from file","timestamp":"2017-01-03T18:38:23.301Z"}
{"fileName":"/Users/ljeff/git_repo/sandbox/node/redirector-aio/backend/lib/redirects.json","nodeEnv":"dev.local","service":"redirector","level":"info","message":"get redirects from file","timestamp":"2017-01-03T18:38:23.649Z"}
{"fileName":"/Users/ljeff/git_repo/sandbox/node/redirector-aio/backend/lib/redirects.json","nodeEnv":"dev.local","service":"redirector","level":"info","message":"get redirects from file","timestamp":"2017-01-03T18:39:50.664Z"}
{"fileName":"/Users/ljeff/git_repo/sandbox/node/redirector-aio/backend/lib/redirects.json","nodeEnv":"dev.local","service":"redirector","level":"info","message":"get redirects from file","timestamp":"2017-01-03T18:39:55.948Z"}
{"fileName":"/Users/ljeff/git_repo/sandbox/node/redirector-aio/backend/lib/redirects.json","nodeEnv":"dev.local","service":"redirector","level":"info","message":"get redirects from file","timestamp":"2017-01-03T18:39:56.298Z"}
{"fileName":"/Users/ljeff/git_repo/sandbox/node/redirector-aio/backend/lib/redirects.json","nodeEnv":"dev.local","service":"redirector","level":"info","message":"get redirects from file","timestamp":"2017-01-03T18:40:07.421Z"}
{"fileName":"/Users/ljeff/git_repo/sandbox/node/redirector-aio/backend/lib/redirects.json","nodeEnv":"dev.local","service":"redirector","level":"info","message":"get redirects from file","timestamp":"2017-01-03T18:40:14.796Z"}
{"fileName":"/Users/ljeff/git_repo/sandbox/node/redirector-aio/backend/lib/redirects.json","nodeEnv":"dev.local","service":"redirector","level":"info","message":"get redirects from file","timestamp":"2017-01-03T18:40:15.246Z"}
{"fileName":"/Users/ljeff/git_repo/sandbox/node/redirector-aio/backend/lib/redirects.json","nodeEnv":"dev.local","service":"redirector","level":"info","message":"get redirects from file","timestamp":"2017-01-03T18:40:27.579Z"}
{"fileName":"/Users/ljeff/git_repo/sandbox/node/redirector-aio/backend/lib/redirects.json","nodeEnv":"dev.local","service":"redirector","level":"info","message":"get redirects from file","timestamp":"2017-01-03T18:40:35.252Z"}
{"fileName":"/Users/ljeff/git_repo/sandbox/node/redirector-aio/backend/lib/redirects.json","nodeEnv":"dev.local","service":"redirector","level":"info","message":"get redirects from file","timestamp":"2017-01-03T18:40:35.946Z"}
{"fileName":"/Users/ljeff/git_repo/sandbox/node/redirector-aio/backend/lib/redirects.json","nodeEnv":"dev.local","service":"redirector","level":"info","message":"get redirects from file","timestamp":"2017-01-03T18:40:44.728Z"}
{"fileName":"/Users/ljeff/git_repo/sandbox/node/redirector-aio/backend/lib/redirects.json","nodeEnv":"dev.local","service":"redirector","level":"info","message":"get redirects from file","timestamp":"2017-01-03T18:40:51.095Z"}
{"fileName":"/Users/ljeff/git_repo/sandbox/node/redirector-aio/backend/lib/redirects.json","nodeEnv":"dev.local","service":"redirector","level":"info","message":"get redirects from file","timestamp":"2017-01-03T18:40:51.494Z"}
{"fileName":"/Users/ljeff/git_repo/sandbox/node/redirector-aio/backend/lib/redirects.json","nodeEnv":"dev.local","service":"redirector","level":"info","message":"get redirects from file","timestamp":"2017-01-03T18:44:13.516Z"}
{"fileName":"/Users/ljeff/git_repo/sandbox/node/redirector-aio/backend/lib/redirects.json","nodeEnv":"dev.local","service":"redirector","level":"info","message":"get redirects from file","timestamp":"2017-01-03T18:44:24.284Z"}
{"fileName":"/Users/ljeff/git_repo/sandbox/node/redirector-aio/backend/lib/redirects.json","nodeEnv":"dev.local","service":"redirector","level":"info","message":"get redirects from file","timestamp":"2017-01-03T18:44:24.938Z"}
{"fileName":"/Users/ljeff/git_repo/sandbox/node/redirector-aio/backend/lib/redirects.json","nodeEnv":"dev.local","service":"redirector","level":"info","message":"get redirects from file","timestamp":"2017-01-03T18:45:21.124Z"}
{"fileName":"/Users/ljeff/git_repo/sandbox/node/redirector-aio/backend/lib/redirects.json","nodeEnv":"dev.local","service":"redirector","level":"info","message":"get redirects from file","timestamp":"2017-01-03T18:45:31.735Z"}
{"fileName":"/Users/ljeff/git_repo/sandbox/node/redirector-aio/backend/lib/redirects.json","nodeEnv":"dev.local","service":"redirector","level":"info","message":"get redirects from file","timestamp":"2017-01-03T18:45:32.294Z"}
{"fileName":"/Users/ljeff/git_repo/sandbox/node/redirector-aio/backend/lib/redirects.json","id":12,"ruleName":"task5","nodeEnv":"dev.local","service":"redirector","level":"info","message":"Successfully updated redirect","timestamp":"2017-01-03T18:45:40.970Z"}
{"fileName":"/Users/ljeff/git_repo/sandbox/node/redirector-aio/backend/lib/redirects.json","id":12,"ruleName":"task5","nodeEnv":"dev.local","service":"redirector","level":"info","message":"Successfully updated redirect","timestamp":"2017-01-03T18:45:40.970Z"}
{"fileName":"/Users/ljeff/git_repo/sandbox/node/redirector-aio/backend/lib/redirects.json","id":12,"ruleName":"task5","nodeEnv":"dev.local","service":"redirector","level":"info","message":"Successfully deleted redirect","timestamp":"2017-01-03T18:45:49.462Z"}
{"fileName":"/Users/ljeff/git_repo/sandbox/node/redirector-aio/backend/lib/redirects.json","nodeEnv":"dev.local","service":"redirector","level":"info","message":"get redirects from file","timestamp":"2017-01-03T19:06:45.458Z"}
{"fileName":"/Users/ljeff/git_repo/sandbox/node/redirector-aio/backend/lib/redirects.json","nodeEnv":"dev.local","service":"redirector","level":"info","message":"get redirects from file","timestamp":"2017-01-03T19:09:05.379Z"}
{"fileName":"/Users/ljeff/git_repo/sandbox/node/redirector-aio/backend/lib/redirects.json","nodeEnv":"dev.local","service":"redirector","level":"info","message":"get redirects from file","timestamp":"2017-01-03T19:09:37.962Z"}
{"fileName":"/Users/ljeff/git_repo/sandbox/node/redirector-aio/backend/lib/redirects.json","nodeEnv":"dev.local","service":"redirector","level":"info","message":"get redirects from file","timestamp":"2017-01-03T19:18:11.955Z"}
{"fileName":"/Users/ljeff/git_repo/sandbox/node/redirector-aio/backend/lib/redirects.json","nodeEnv":"dev.local","service":"redirector","level":"info","message":"get redirects from file","timestamp":"2017-01-03T19:21:10.047Z"}
{"fileName":"/Users/ljeff/git_repo/sandbox/node/redirector-aio/backend/lib/redirects.json","nodeEnv":"dev.local","service":"redirector","level":"info","message":"get redirects from file","timestamp":"2017-01-03T19:24:13.498Z"}
{"fileName":"/Users/ljeff/git_repo/sandbox/node/redirector-aio/backend/lib/redirects.json","nodeEnv":"dev.local","service":"redirector","level":"info","message":"get redirects from file","timestamp":"2017-01-03T19:25:31.508Z"}
{"fileName":"/Users/ljeff/git_repo/sandbox/node/redirector-aio/backend/lib/redirects.json","nodeEnv":"dev.local","service":"redirector","level":"info","message":"get redirects from file","timestamp":"2017-01-03T19:25:52.402Z"}
